


ARM Macro Assembler    Page 1 


    1 00000000         ;
    2 00000000         ;*******************************************************
                       *************************************************
    3 00000000         ;                                    EXCEPTION VECTORS &
                        STARTUP CODE
    4 00000000         ;
    5 00000000         ; File      : cstartup.s
    6 00000000         ; For       : Cortex-M4
    7 00000000         ; Mode      : Thumb2
    8 00000000         ; Toolchain : RealView Development Suite
    9 00000000         ;             RealView Microcontroller Development Kit (
                       MDK)
   10 00000000         ;             ARM Developer Suite (ADS)
   11 00000000         ;             Keil uVision
   12 00000000         ;*******************************************************
                       *************************************************
   13 00000000         ;
   14 00000000         
   15 00000000         ;/*
   16 00000000         ;*******************************************************
                       *************************************************
   17 00000000         ;*                           <<< Use Configuration Wizar
                       d in Context Menu >>>
   18 00000000         ;*
   19 00000000         ;* Note(s) : (1) The µVision4 Configuration Wizard enabl
                       es menu driven configuration of assembler,
   20 00000000         ;*               C/C++, or debugger initialization files
                       . The Configuration Wizard uses control items
   21 00000000         ;*               that are embedded into the comments of 
                       the configuration file.
   22 00000000         ;*
   23 00000000         ;*******************************************************
                       *************************************************
   24 00000000         ;*/
   25 00000000         
   26 00000000         ;/*
   27 00000000         ;*******************************************************
                       *************************************************
   28 00000000         ;*                                              STACK DE
                       FINITIONS
   29 00000000         ;*
   30 00000000         ;* Configuration Wizard Menu:
   31 00000000         ;* // <h> Stack Configuration
   32 00000000         ;* //   <o> Stack Size (in Bytes) <0x0-0xFFFFFFFF:8>
   33 00000000         ;* // </h>;
   34 00000000         ;*******************************************************
                       **************************************************
   35 00000000         ;*/
   36 00000000         
   37 00000000 00000200 
                       Stack_Size
                               EQU              0x00000200
   38 00000000         
   39 00000000                 AREA             STACK, NOINIT, READWRITE, ALIGN
=3
   40 00000000         Stack_Mem
                               SPACE            Stack_Size
   41 00000200         __initial_sp
   42 00000200         



ARM Macro Assembler    Page 2 


   43 00000200         
   44 00000200         ;/*
   45 00000200         ;*******************************************************
                       *************************************************
   46 00000200         ;*                                               HEAP DE
                       FINITIONS
   47 00000200         ; <h> Heap Configuration
   48 00000200         ;   <o>  Heap Size (in Bytes) <0x0-0xFFFFFFFF:8>
   49 00000200         ; </h>
   50 00000200         ;*******************************************************
                       **************************************************
   51 00000200         ;*/
   52 00000200         
   53 00000200 00000000 
                       Heap_Size
                               EQU              0x00000000
   54 00000200         
   55 00000200                 AREA             HEAP, NOINIT, READWRITE, ALIGN=
3
   56 00000000         __heap_base
   57 00000000         Heap_Mem
                               SPACE            Heap_Size
   58 00000000         __heap_limit
   59 00000000         
   60 00000000         
   61 00000000                 PRESERVE8
   62 00000000                 THUMB
   63 00000000         
   64 00000000         
   65 00000000         ; Vector Table Mapped to Address 0 at Reset
   66 00000000         
   67 00000000                 AREA             RESET, DATA, READONLY
   68 00000000                 EXPORT           __Vectors
   69 00000000                 EXPORT           __Vectors_End
   70 00000000                 EXPORT           __Vectors_Size
   71 00000000         
   72 00000000                 IMPORT           OS_CPU_PendSVHandler
   73 00000000                 IMPORT           OS_CPU_SysTickHandler
   74 00000000         
   75 00000000 00000000 
                       __Vectors
                               DCD              __initial_sp ;   0 Top of Stack
                                                            
   76 00000004 00000000        DCD              Reset_Handler 
                                                            ;   1 Reset Handler
                                                            
   77 00000008 00000000        DCD              App_NMI_ISR ;   2 NMI Handler
   78 0000000C 00000000        DCD              App_Fault_ISR ;   3 Hard Fault 
                                                            Handler
   79 00000010 00000000        DCD              App_MemFault_ISR ;   4 MPU Faul
                                                            t Handler
   80 00000014 00000000        DCD              App_BusFault_ISR ;   5 Bus Faul
                                                            t Handler
   81 00000018 00000000        DCD              App_UsageFault_ISR ;   6 Usage 
                                                            Fault Handler
   82 0000001C 00000000        DCD              App_Spurious_ISR ;   7 Reserved
                                                            
   83 00000020 00000000        DCD              App_Spurious_ISR ;   8 Reserved
                                                            



ARM Macro Assembler    Page 3 


   84 00000024 00000000        DCD              App_Spurious_ISR ;   9 Reserved
                                                            
   85 00000028 00000000        DCD              App_Spurious_ISR ;  10 Reserved
                                                            
   86 0000002C 00000000        DCD              App_Spurious_ISR ;  11 SVCall H
                                                            andler
   87 00000030 00000000        DCD              App_Spurious_ISR ;  12 Debug Mo
                                                            nitor Handler
   88 00000034 00000000        DCD              App_Spurious_ISR ;  13 Reserved
                                                            
   89 00000038 00000000        DCD              OS_CPU_PendSVHandler ;  14 Pend
                                                            SV Handler
   90 0000003C 00000000        DCD              OS_CPU_SysTickHandler ;  15 Sys
                                                            Tick Handler
   91 00000040         
   92 00000040         ; External Interrupts
   93 00000040         
   94 00000040 00000000        DCD              GPIOPortA_Handler ; GPIO Port A
                                                            
   95 00000044 00000000        DCD              GPIOPortB_Handler ; GPIO Port B
                                                            
   96 00000048 00000000        DCD              GPIOPortC_Handler ; GPIO Port C
                                                            
   97 0000004C 00000000        DCD              GPIOPortD_Handler ; GPIO Port D
                                                            
   98 00000050 00000000        DCD              GPIOPortE_Handler ; GPIO Port E
                                                            
   99 00000054 00000000        DCD              UART0_Handler ; UART0 Rx and Tx
                                                            
  100 00000058 00000000        DCD              UART1_Handler ; UART1 Rx and Tx
                                                            
  101 0000005C 00000000        DCD              SSI0_Handler ; SSI0 Rx and Tx
  102 00000060 00000000        DCD              I2C0_Handler ; I2C0 Master and 
                                                            Slave
  103 00000064 00000000        DCD              PWM0Fault_Handler ; PWM 0 Fault
                                                            
  104 00000068 00000000        DCD              PWM0Generator0_Handler 
                                                            ; PWM 0 Generator 0
                                                            
  105 0000006C 00000000        DCD              PWM0Generator1_Handler 
                                                            ; PWM 0 Generator 1
                                                            
  106 00000070 00000000        DCD              PWM0Generator2_Handler 
                                                            ; PWM 0 Generator 2
                                                            
  107 00000074 00000000        DCD              Quadrature0_Handler ; Quadratur
                                                            e Encoder 0
  108 00000078 00000000        DCD              ADC0Seq0_Handler 
                                                            ; ADC0 Sequence 0
  109 0000007C 00000000        DCD              ADC0Seq1_Handler 
                                                            ; ADC0 Sequence 1
  110 00000080 00000000        DCD              ADC0Seq2_Handler 
                                                            ; ADC0 Sequence 2
  111 00000084 00000000        DCD              ADC0Seq3_Handler 
                                                            ; ADC0 Sequence 3
  112 00000088 00000000        DCD              WDT_Handler ; Watchdog
  113 0000008C 00000000        DCD              Timer0A_Handler ; Timer 0 subti
                                                            mer A
  114 00000090 00000000        DCD              Timer0B_Handler ; Timer 0 subti



ARM Macro Assembler    Page 4 


                                                            mer B
  115 00000094 00000000        DCD              Timer1A_Handler ; Timer 1 subti
                                                            mer A
  116 00000098 00000000        DCD              Timer1B_Handler ; Timer 1 subti
                                                            mer B
  117 0000009C 00000000        DCD              Timer2A_Handler ; Timer 2 subti
                                                            mer A
  118 000000A0 00000000        DCD              Timer2B_Handler ; Timer 2 subti
                                                            mer B
  119 000000A4 00000000        DCD              Comp0_Handler ; Analog Comp 0
  120 000000A8 00000000        DCD              Comp1_Handler ; Analog Comp 1
  121 000000AC 00000000        DCD              Comp2_Handler ; Analog Comp 2
  122 000000B0 00000000        DCD              SysCtl_Handler ; System Control
                                                            
  123 000000B4 00000000        DCD              FlashCtl_Handler 
                                                            ; Flash Control
  124 000000B8 00000000        DCD              GPIOPortF_Handler ; GPIO Port F
                                                            
  125 000000BC 00000000        DCD              GPIOPortG_Handler ; GPIO Port G
                                                            
  126 000000C0 00000000        DCD              GPIOPortH_Handler ; GPIO Port H
                                                            
  127 000000C4 00000000        DCD              UART2_Handler ; UART2 Rx and Tx
                                                            
  128 000000C8 00000000        DCD              SSI1_Handler ; SSI1 Rx and Tx
  129 000000CC 00000000        DCD              Timer3A_Handler ; Timer 3 subti
                                                            mer A
  130 000000D0 00000000        DCD              Timer3B_Handler ; Timer 3 subti
                                                            mer B
  131 000000D4 00000000        DCD              I2C1_Handler ; I2C1 Master and 
                                                            Slave
  132 000000D8 00000000        DCD              Quadrature1_Handler ; Quadratur
                                                            e Encoder 1
  133 000000DC 00000000        DCD              CAN0_Handler ; CAN0
  134 000000E0 00000000        DCD              CAN1_Handler ; CAN1
  135 000000E4 00000000        DCD              CAN2_Handler ; CAN2
  136 000000E8 00000000        DCD              Ethernet_Handler ; Ethernet
  137 000000EC 00000000        DCD              Hibernate_Handler ; Hibernate
  138 000000F0 00000000        DCD              USB0_Handler ; USB0
  139 000000F4 00000000        DCD              PWM0Generator3_Handler 
                                                            ; PWM 0 Generator 3
                                                            
  140 000000F8 00000000        DCD              uDMA_Handler ; uDMA Software Tr
                                                            ansfer
  141 000000FC 00000000        DCD              uDMA_Error  ; uDMA Error
  142 00000100 00000000        DCD              ADC1Seq0_Handler 
                                                            ; ADC1 Sequence 0
  143 00000104 00000000        DCD              ADC1Seq1_Handler 
                                                            ; ADC1 Sequence 1
  144 00000108 00000000        DCD              ADC1Seq2_Handler 
                                                            ; ADC1 Sequence 2
  145 0000010C 00000000        DCD              ADC1Seq3_Handler 
                                                            ; ADC1 Sequence 3
  146 00000110 00000000        DCD              I2S0_Handler ; I2S0
  147 00000114 00000000        DCD              ExtBus_Handler ; External Bus I
                                                            nterface 0
  148 00000118 00000000        DCD              GPIOPortJ_Handler ; GPIO Port J
                                                            
  149 0000011C 00000000        DCD              GPIOPortK_Handler ; GPIO Port K



ARM Macro Assembler    Page 5 


                                                            
  150 00000120 00000000        DCD              GPIOPortL_Handler ; GPIO Port L
                                                            
  151 00000124 00000000        DCD              SSI2_Handler ; SSI2 Rx and Tx
  152 00000128 00000000        DCD              SSI3_Handler ; SSI3 Rx and Tx
  153 0000012C 00000000        DCD              UART3_Handler ; UART3 Rx and Tx
                                                            
  154 00000130 00000000        DCD              UART4_Handler ; UART4 Rx and Tx
                                                            
  155 00000134 00000000        DCD              UART5_Handler ; UART5 Rx and Tx
                                                            
  156 00000138 00000000        DCD              UART6_Handler ; UART6 Rx and Tx
                                                            
  157 0000013C 00000000        DCD              UART7_Handler ; UART7 Rx and Tx
                                                            
  158 00000140 00000000        DCD              0           ; Reserved
  159 00000144 00000000        DCD              0           ; Reserved
  160 00000148 00000000        DCD              0           ; Reserved
  161 0000014C 00000000        DCD              0           ; Reserved
  162 00000150 00000000        DCD              I2C2_Handler ; I2C2 Master and 
                                                            Slave
  163 00000154 00000000        DCD              I2C3_Handler ; I2C3 Master and 
                                                            Slave
  164 00000158 00000000        DCD              Timer4A_Handler ; Timer 4 subti
                                                            mer A
  165 0000015C 00000000        DCD              Timer4B_Handler ; Timer 4 subti
                                                            mer B
  166 00000160 00000000        DCD              0           ; Reserved
  167 00000164 00000000        DCD              0           ; Reserved
  168 00000168 00000000        DCD              0           ; Reserved
  169 0000016C 00000000        DCD              0           ; Reserved
  170 00000170 00000000        DCD              0           ; Reserved
  171 00000174 00000000        DCD              0           ; Reserved
  172 00000178 00000000        DCD              0           ; Reserved
  173 0000017C 00000000        DCD              0           ; Reserved
  174 00000180 00000000        DCD              0           ; Reserved
  175 00000184 00000000        DCD              0           ; Reserved
  176 00000188 00000000        DCD              0           ; Reserved
  177 0000018C 00000000        DCD              0           ; Reserved
  178 00000190 00000000        DCD              0           ; Reserved
  179 00000194 00000000        DCD              0           ; Reserved
  180 00000198 00000000        DCD              0           ; Reserved
  181 0000019C 00000000        DCD              0           ; Reserved
  182 000001A0 00000000        DCD              0           ; Reserved
  183 000001A4 00000000        DCD              0           ; Reserved
  184 000001A8 00000000        DCD              0           ; Reserved
  185 000001AC 00000000        DCD              0           ; Reserved
  186 000001B0 00000000        DCD              Timer5A_Handler ; Timer 5 subti
                                                            mer A
  187 000001B4 00000000        DCD              Timer5B_Handler ; Timer 5 subti
                                                            mer B
  188 000001B8 00000000        DCD              WideTimer0A_Handler ; Wide Time
                                                            r 0 subtimer A
  189 000001BC 00000000        DCD              WideTimer0B_Handler ; Wide Time
                                                            r 0 subtimer B
  190 000001C0 00000000        DCD              WideTimer1A_Handler ; Wide Time
                                                            r 1 subtimer A
  191 000001C4 00000000        DCD              WideTimer1B_Handler ; Wide Time
                                                            r 1 subtimer B



ARM Macro Assembler    Page 6 


  192 000001C8 00000000        DCD              WideTimer2A_Handler ; Wide Time
                                                            r 2 subtimer A
  193 000001CC 00000000        DCD              WideTimer2B_Handler ; Wide Time
                                                            r 2 subtimer B
  194 000001D0 00000000        DCD              WideTimer3A_Handler ; Wide Time
                                                            r 3 subtimer A
  195 000001D4 00000000        DCD              WideTimer3B_Handler ; Wide Time
                                                            r 3 subtimer B
  196 000001D8 00000000        DCD              WideTimer4A_Handler ; Wide Time
                                                            r 4 subtimer A
  197 000001DC 00000000        DCD              WideTimer4B_Handler ; Wide Time
                                                            r 4 subtimer B
  198 000001E0 00000000        DCD              WideTimer5A_Handler ; Wide Time
                                                            r 5 subtimer A
  199 000001E4 00000000        DCD              WideTimer5B_Handler ; Wide Time
                                                            r 5 subtimer B
  200 000001E8 00000000        DCD              FPU_Handler ; FPU
  201 000001EC 00000000        DCD              PECI0_Handler ; PECI 0
  202 000001F0 00000000        DCD              LPC0_Handler ; LPC 0
  203 000001F4 00000000        DCD              I2C4_Handler ; I2C4 Master and 
                                                            Slave
  204 000001F8 00000000        DCD              I2C5_Handler ; I2C5 Master and 
                                                            Slave
  205 000001FC 00000000        DCD              GPIOPortM_Handler ; GPIO Port M
                                                            
  206 00000200 00000000        DCD              GPIOPortN_Handler ; GPIO Port N
                                                            
  207 00000204 00000000        DCD              Quadrature2_Handler ; Quadratur
                                                            e Encoder 2
  208 00000208 00000000        DCD              Fan0_Handler ; Fan 0
  209 0000020C 00000000        DCD              0           ; Reserved
  210 00000210 00000000        DCD              GPIOPortP_Handler ; GPIO Port P
                                                             (Summary or P0)
  211 00000214 00000000        DCD              GPIOPortP1_Handler 
                                                            ; GPIO Port P1
  212 00000218 00000000        DCD              GPIOPortP2_Handler 
                                                            ; GPIO Port P2
  213 0000021C 00000000        DCD              GPIOPortP3_Handler 
                                                            ; GPIO Port P3
  214 00000220 00000000        DCD              GPIOPortP4_Handler 
                                                            ; GPIO Port P4
  215 00000224 00000000        DCD              GPIOPortP5_Handler 
                                                            ; GPIO Port P5
  216 00000228 00000000        DCD              GPIOPortP6_Handler 
                                                            ; GPIO Port P6
  217 0000022C 00000000        DCD              GPIOPortP7_Handler 
                                                            ; GPIO Port P7
  218 00000230 00000000        DCD              GPIOPortQ_Handler ; GPIO Port Q
                                                             (Summary or Q0)
  219 00000234 00000000        DCD              GPIOPortQ1_Handler 
                                                            ; GPIO Port Q1
  220 00000238 00000000        DCD              GPIOPortQ2_Handler 
                                                            ; GPIO Port Q2
  221 0000023C 00000000        DCD              GPIOPortQ3_Handler 
                                                            ; GPIO Port Q3
  222 00000240 00000000        DCD              GPIOPortQ4_Handler 
                                                            ; GPIO Port Q4
  223 00000244 00000000        DCD              GPIOPortQ5_Handler 
                                                            ; GPIO Port Q5



ARM Macro Assembler    Page 7 


  224 00000248 00000000        DCD              GPIOPortQ6_Handler 
                                                            ; GPIO Port Q6
  225 0000024C 00000000        DCD              GPIOPortQ7_Handler 
                                                            ; GPIO Port Q7
  226 00000250 00000000        DCD              GPIOPortR_Handler ; GPIO Port R
                                                            
  227 00000254 00000000        DCD              GPIOPortS_Handler ; GPIO Port S
                                                            
  228 00000258 00000000        DCD              PWM1Generator0_Handler 
                                                            ; PWM 1 Generator 0
                                                            
  229 0000025C 00000000        DCD              PWM1Generator1_Handler 
                                                            ; PWM 1 Generator 1
                                                            
  230 00000260 00000000        DCD              PWM1Generator2_Handler 
                                                            ; PWM 1 Generator 2
                                                            
  231 00000264 00000000        DCD              PWM1Generator3_Handler 
                                                            ; PWM 1 Generator 3
                                                            
  232 00000268 00000000        DCD              PWM1Fault_Handler ; PWM 1 Fault
                                                            
  233 0000026C         
  234 0000026C         __Vectors_End
  235 0000026C         
  236 0000026C 0000026C 
                       __Vectors_Size
                               EQU              __Vectors_End - __Vectors
  237 0000026C         
  238 0000026C                 AREA             |.text|, CODE, READONLY
  239 00000000         
  240 00000000         
  241 00000000         ; Reset Handler
  242 00000000         
  243 00000000         Reset_Handler
                               PROC
  244 00000000                 EXPORT           Reset_Handler             [WEAK
]
  245 00000000                 IMPORT           __main
  246 00000000         
  247 00000000                 IF               {FPU} != "SoftVFP"
  248 00000000         ; Enable Floating Point Support at reset for FPU
  249 00000000 F8DF 0030       LDR.W            R0, =0xE000ED88 ; Load address 
                                                            of CPACR register
  250 00000004 6801            LDR              R1, [R0]    ; Read value at CPA
                                                            CR
  251 00000006 F441 0170       ORR              R1,  R1, #(0xF <<20) ; Set bits
                                                             20-23 to enable CP
                                                            10 and CP11 coproce
                                                            ssors
  252 0000000A         ; Write back the modified CPACR value
  253 0000000A 6001            STR              R1, [R0]    ; Wait for store to
                                                             complete
  254 0000000C F3BF 8F4F       DSB
  255 00000010         
  256 00000010         ; Enable automatic FP register content
  257 00000010         ; Enable lazy context switch
  258 00000010 F8DF 0024       LDR.W            R0, =0xE000EF34 ; Load address 
                                                            to FPCCR register



ARM Macro Assembler    Page 8 


  259 00000014 6801            LDR              R1, [R0]
  260 00000016 F021 4140       AND              R1,  R1, #(0x3FFFFFFF) ; Clear 
                                                            the LSPEN and ASPEN
                                                             bits
  261 0000001A 6001            STR              R1, [R0]
  262 0000001C F3BF 8F6F       ISB                          ; Reset pipeline no
                                                            w the FPU is enable
                                                            d
  263 00000020                 ENDIF
  264 00000020         
  265 00000020 4806            LDR              R0, =__main
  266 00000022 4700            BX               R0
  267 00000024                 ENDP
  268 00000024         
  269 00000024         
  270 00000024         ; Dummy Exception Handlers (infinite loops which can be 
                       modified)
  271 00000024         
  272 00000024         App_NMI_ISR
                               PROC
  273 00000024                 EXPORT           App_NMI_ISR               [WEAK
]
  274 00000024 E7FE            B                .
  275 00000026                 ENDP
  277 00000026         App_Fault_ISR
                               PROC
  278 00000026                 EXPORT           App_Fault_ISR             [WEAK
]
  279 00000026 E7FE            B                .
  280 00000028                 ENDP
  282 00000028         App_MemFault_ISR
                               PROC
  283 00000028                 EXPORT           App_MemFault_ISR          [WEAK
]
  284 00000028 E7FE            B                .
  285 0000002A                 ENDP
  287 0000002A         App_BusFault_ISR
                               PROC
  288 0000002A                 EXPORT           App_BusFault_ISR          [WEAK
]
  289 0000002A E7FE            B                .
  290 0000002C                 ENDP
  292 0000002C         App_UsageFault_ISR
                               PROC
  293 0000002C                 EXPORT           App_UsageFault_ISR        [WEAK
]
  294 0000002C E7FE            B                .
  295 0000002E                 ENDP
  297 0000002E         App_Spurious_ISR
                               PROC
  298 0000002E                 EXPORT           App_Spurious_ISR          [WEAK
]
  299 0000002E E7FE            B                .
  300 00000030                 ENDP
  302 00000030         App_Reserved_ISR
                               PROC
  303 00000030                 EXPORT           App_Reserved_ISR          [WEAK
]
  304 00000030 E7FE            B                .



ARM Macro Assembler    Page 9 


  305 00000032                 ENDP
  307 00000032         IntDefaultHandler
                               PROC
  308 00000032                 EXPORT           GPIOPortA_Handler         [WEAK
]
  309 00000032                 EXPORT           GPIOPortB_Handler         [WEAK
]
  310 00000032                 EXPORT           GPIOPortC_Handler         [WEAK
]
  311 00000032                 EXPORT           GPIOPortD_Handler         [WEAK
]
  312 00000032                 EXPORT           GPIOPortE_Handler         [WEAK
]
  313 00000032                 EXPORT           UART0_Handler             [WEAK
]
  314 00000032                 EXPORT           UART1_Handler             [WEAK
]
  315 00000032                 EXPORT           SSI0_Handler              [WEAK
]
  316 00000032                 EXPORT           I2C0_Handler              [WEAK
]
  317 00000032                 EXPORT           PWM0Fault_Handler         [WEAK
]
  318 00000032                 EXPORT           PWM0Generator0_Handler    [WEAK
]
  319 00000032                 EXPORT           PWM0Generator1_Handler    [WEAK
]
  320 00000032                 EXPORT           PWM0Generator2_Handler    [WEAK
]
  321 00000032                 EXPORT           Quadrature0_Handler       [WEAK
]
  322 00000032                 EXPORT           ADC0Seq0_Handler          [WEAK
]
  323 00000032                 EXPORT           ADC0Seq1_Handler          [WEAK
]
  324 00000032                 EXPORT           ADC0Seq2_Handler          [WEAK
]
  325 00000032                 EXPORT           ADC0Seq3_Handler          [WEAK
]
  326 00000032                 EXPORT           WDT_Handler               [WEAK
]
  327 00000032                 EXPORT           Timer0A_Handler           [WEAK
]
  328 00000032                 EXPORT           Timer0B_Handler           [WEAK
]
  329 00000032                 EXPORT           Timer1A_Handler           [WEAK
]
  330 00000032                 EXPORT           Timer1B_Handler           [WEAK
]
  331 00000032                 EXPORT           Timer2A_Handler           [WEAK
]
  332 00000032                 EXPORT           Timer2B_Handler           [WEAK
]
  333 00000032                 EXPORT           Comp0_Handler             [WEAK
]
  334 00000032                 EXPORT           Comp1_Handler             [WEAK
]
  335 00000032                 EXPORT           Comp2_Handler             [WEAK
]



ARM Macro Assembler    Page 10 


  336 00000032                 EXPORT           SysCtl_Handler            [WEAK
]
  337 00000032                 EXPORT           FlashCtl_Handler          [WEAK
]
  338 00000032                 EXPORT           GPIOPortF_Handler         [WEAK
]
  339 00000032                 EXPORT           GPIOPortG_Handler         [WEAK
]
  340 00000032                 EXPORT           GPIOPortH_Handler         [WEAK
]
  341 00000032                 EXPORT           UART2_Handler             [WEAK
]
  342 00000032                 EXPORT           SSI1_Handler              [WEAK
]
  343 00000032                 EXPORT           Timer3A_Handler           [WEAK
]
  344 00000032                 EXPORT           Timer3B_Handler           [WEAK
]
  345 00000032                 EXPORT           I2C1_Handler              [WEAK
]
  346 00000032                 EXPORT           Quadrature1_Handler       [WEAK
]
  347 00000032                 EXPORT           CAN0_Handler              [WEAK
]
  348 00000032                 EXPORT           CAN1_Handler              [WEAK
]
  349 00000032                 EXPORT           CAN2_Handler              [WEAK
]
  350 00000032                 EXPORT           Ethernet_Handler          [WEAK
]
  351 00000032                 EXPORT           Hibernate_Handler         [WEAK
]
  352 00000032                 EXPORT           USB0_Handler              [WEAK
]
  353 00000032                 EXPORT           PWM0Generator3_Handler    [WEAK
]
  354 00000032                 EXPORT           uDMA_Handler              [WEAK
]
  355 00000032                 EXPORT           uDMA_Error                [WEAK
]
  356 00000032                 EXPORT           ADC1Seq0_Handler          [WEAK
]
  357 00000032                 EXPORT           ADC1Seq1_Handler          [WEAK
]
  358 00000032                 EXPORT           ADC1Seq2_Handler          [WEAK
]
  359 00000032                 EXPORT           ADC1Seq3_Handler          [WEAK
]
  360 00000032                 EXPORT           I2S0_Handler              [WEAK
]
  361 00000032                 EXPORT           ExtBus_Handler            [WEAK
]
  362 00000032                 EXPORT           GPIOPortJ_Handler         [WEAK
]
  363 00000032                 EXPORT           GPIOPortK_Handler         [WEAK
]
  364 00000032                 EXPORT           GPIOPortL_Handler         [WEAK
]
  365 00000032                 EXPORT           SSI2_Handler              [WEAK



ARM Macro Assembler    Page 11 


]
  366 00000032                 EXPORT           SSI3_Handler              [WEAK
]
  367 00000032                 EXPORT           UART3_Handler             [WEAK
]
  368 00000032                 EXPORT           UART4_Handler             [WEAK
]
  369 00000032                 EXPORT           UART5_Handler             [WEAK
]
  370 00000032                 EXPORT           UART6_Handler             [WEAK
]
  371 00000032                 EXPORT           UART7_Handler             [WEAK
]
  372 00000032                 EXPORT           I2C2_Handler              [WEAK
]
  373 00000032                 EXPORT           I2C3_Handler              [WEAK
]
  374 00000032                 EXPORT           Timer4A_Handler           [WEAK
]
  375 00000032                 EXPORT           Timer4B_Handler           [WEAK
]
  376 00000032                 EXPORT           Timer5A_Handler           [WEAK
]
  377 00000032                 EXPORT           Timer5B_Handler           [WEAK
]
  378 00000032                 EXPORT           WideTimer0A_Handler       [WEAK
]
  379 00000032                 EXPORT           WideTimer0B_Handler       [WEAK
]
  380 00000032                 EXPORT           WideTimer1A_Handler       [WEAK
]
  381 00000032                 EXPORT           WideTimer1B_Handler       [WEAK
]
  382 00000032                 EXPORT           WideTimer2A_Handler       [WEAK
]
  383 00000032                 EXPORT           WideTimer2B_Handler       [WEAK
]
  384 00000032                 EXPORT           WideTimer3A_Handler       [WEAK
]
  385 00000032                 EXPORT           WideTimer3B_Handler       [WEAK
]
  386 00000032                 EXPORT           WideTimer4A_Handler       [WEAK
]
  387 00000032                 EXPORT           WideTimer4B_Handler       [WEAK
]
  388 00000032                 EXPORT           WideTimer5A_Handler       [WEAK
]
  389 00000032                 EXPORT           WideTimer5B_Handler       [WEAK
]
  390 00000032                 EXPORT           FPU_Handler               [WEAK
]
  391 00000032                 EXPORT           PECI0_Handler             [WEAK
]
  392 00000032                 EXPORT           LPC0_Handler              [WEAK
]
  393 00000032                 EXPORT           I2C4_Handler              [WEAK
]
  394 00000032                 EXPORT           I2C5_Handler              [WEAK
]



ARM Macro Assembler    Page 12 


  395 00000032                 EXPORT           GPIOPortM_Handler         [WEAK
]
  396 00000032                 EXPORT           GPIOPortN_Handler         [WEAK
]
  397 00000032                 EXPORT           Quadrature2_Handler       [WEAK
]
  398 00000032                 EXPORT           Fan0_Handler              [WEAK
]
  399 00000032                 EXPORT           GPIOPortP_Handler         [WEAK
]
  400 00000032                 EXPORT           GPIOPortP1_Handler        [WEAK
]
  401 00000032                 EXPORT           GPIOPortP2_Handler        [WEAK
]
  402 00000032                 EXPORT           GPIOPortP3_Handler        [WEAK
]
  403 00000032                 EXPORT           GPIOPortP4_Handler        [WEAK
]
  404 00000032                 EXPORT           GPIOPortP5_Handler        [WEAK
]
  405 00000032                 EXPORT           GPIOPortP6_Handler        [WEAK
]
  406 00000032                 EXPORT           GPIOPortP7_Handler        [WEAK
]
  407 00000032                 EXPORT           GPIOPortQ_Handler         [WEAK
]
  408 00000032                 EXPORT           GPIOPortQ1_Handler        [WEAK
]
  409 00000032                 EXPORT           GPIOPortQ2_Handler        [WEAK
]
  410 00000032                 EXPORT           GPIOPortQ3_Handler        [WEAK
]
  411 00000032                 EXPORT           GPIOPortQ4_Handler        [WEAK
]
  412 00000032                 EXPORT           GPIOPortQ5_Handler        [WEAK
]
  413 00000032                 EXPORT           GPIOPortQ6_Handler        [WEAK
]
  414 00000032                 EXPORT           GPIOPortQ7_Handler        [WEAK
]
  415 00000032                 EXPORT           GPIOPortR_Handler         [WEAK
]
  416 00000032                 EXPORT           GPIOPortS_Handler         [WEAK
]
  417 00000032                 EXPORT           PWM1Generator0_Handler    [WEAK
]
  418 00000032                 EXPORT           PWM1Generator1_Handler    [WEAK
]
  419 00000032                 EXPORT           PWM1Generator2_Handler    [WEAK
]
  420 00000032                 EXPORT           PWM1Generator3_Handler    [WEAK
]
  421 00000032                 EXPORT           PWM1Fault_Handler         [WEAK
]
  422 00000032         
  423 00000032         GPIOPortA_Handler
  424 00000032         GPIOPortB_Handler
  425 00000032         GPIOPortC_Handler
  426 00000032         GPIOPortD_Handler



ARM Macro Assembler    Page 13 


  427 00000032         GPIOPortE_Handler
  428 00000032         UART0_Handler
  429 00000032         UART1_Handler
  430 00000032         SSI0_Handler
  431 00000032         I2C0_Handler
  432 00000032         PWM0Fault_Handler
  433 00000032         PWM0Generator0_Handler
  434 00000032         PWM0Generator1_Handler
  435 00000032         PWM0Generator2_Handler
  436 00000032         Quadrature0_Handler
  437 00000032         ADC0Seq0_Handler
  438 00000032         ADC0Seq1_Handler
  439 00000032         ADC0Seq2_Handler
  440 00000032         ADC0Seq3_Handler
  441 00000032         WDT_Handler
  442 00000032         Timer0A_Handler
  443 00000032         Timer0B_Handler
  444 00000032         Timer1A_Handler
  445 00000032         Timer1B_Handler
  446 00000032         Timer2A_Handler
  447 00000032         Timer2B_Handler
  448 00000032         Comp0_Handler
  449 00000032         Comp1_Handler
  450 00000032         Comp2_Handler
  451 00000032         SysCtl_Handler
  452 00000032         FlashCtl_Handler
  453 00000032         GPIOPortF_Handler
  454 00000032         GPIOPortG_Handler
  455 00000032         GPIOPortH_Handler
  456 00000032         UART2_Handler
  457 00000032         SSI1_Handler
  458 00000032         Timer3A_Handler
  459 00000032         Timer3B_Handler
  460 00000032         I2C1_Handler
  461 00000032         Quadrature1_Handler
  462 00000032         CAN0_Handler
  463 00000032         CAN1_Handler
  464 00000032         CAN2_Handler
  465 00000032         Ethernet_Handler
  466 00000032         Hibernate_Handler
  467 00000032         USB0_Handler
  468 00000032         PWM0Generator3_Handler
  469 00000032         uDMA_Handler
  470 00000032         uDMA_Error
  471 00000032         ADC1Seq0_Handler
  472 00000032         ADC1Seq1_Handler
  473 00000032         ADC1Seq2_Handler
  474 00000032         ADC1Seq3_Handler
  475 00000032         I2S0_Handler
  476 00000032         ExtBus_Handler
  477 00000032         GPIOPortJ_Handler
  478 00000032         GPIOPortK_Handler
  479 00000032         GPIOPortL_Handler
  480 00000032         SSI2_Handler
  481 00000032         SSI3_Handler
  482 00000032         UART3_Handler
  483 00000032         UART4_Handler
  484 00000032         UART5_Handler
  485 00000032         UART6_Handler



ARM Macro Assembler    Page 14 


  486 00000032         UART7_Handler
  487 00000032         I2C2_Handler
  488 00000032         I2C3_Handler
  489 00000032         Timer4A_Handler
  490 00000032         Timer4B_Handler
  491 00000032         Timer5A_Handler
  492 00000032         Timer5B_Handler
  493 00000032         WideTimer0A_Handler
  494 00000032         WideTimer0B_Handler
  495 00000032         WideTimer1A_Handler
  496 00000032         WideTimer1B_Handler
  497 00000032         WideTimer2A_Handler
  498 00000032         WideTimer2B_Handler
  499 00000032         WideTimer3A_Handler
  500 00000032         WideTimer3B_Handler
  501 00000032         WideTimer4A_Handler
  502 00000032         WideTimer4B_Handler
  503 00000032         WideTimer5A_Handler
  504 00000032         WideTimer5B_Handler
  505 00000032         FPU_Handler
  506 00000032         PECI0_Handler
  507 00000032         LPC0_Handler
  508 00000032         I2C4_Handler
  509 00000032         I2C5_Handler
  510 00000032         GPIOPortM_Handler
  511 00000032         GPIOPortN_Handler
  512 00000032         Quadrature2_Handler
  513 00000032         Fan0_Handler
  514 00000032         GPIOPortP_Handler
  515 00000032         GPIOPortP1_Handler
  516 00000032         GPIOPortP2_Handler
  517 00000032         GPIOPortP3_Handler
  518 00000032         GPIOPortP4_Handler
  519 00000032         GPIOPortP5_Handler
  520 00000032         GPIOPortP6_Handler
  521 00000032         GPIOPortP7_Handler
  522 00000032         GPIOPortQ_Handler
  523 00000032         GPIOPortQ1_Handler
  524 00000032         GPIOPortQ2_Handler
  525 00000032         GPIOPortQ3_Handler
  526 00000032         GPIOPortQ4_Handler
  527 00000032         GPIOPortQ5_Handler
  528 00000032         GPIOPortQ6_Handler
  529 00000032         GPIOPortQ7_Handler
  530 00000032         GPIOPortR_Handler
  531 00000032         GPIOPortS_Handler
  532 00000032         PWM1Generator0_Handler
  533 00000032         PWM1Generator1_Handler
  534 00000032         PWM1Generator2_Handler
  535 00000032         PWM1Generator3_Handler
  536 00000032         PWM1Fault_Handler
  537 00000032         
  538 00000032 E7FE            B                .
  539 00000034                 ENDP
  540 00000034         ;*******************************************************
                       ***********************
  541 00000034         ;
  542 00000034         ; Make sure the end of this section is aligned.
  543 00000034         ;



ARM Macro Assembler    Page 15 


  544 00000034         ;*******************************************************
                       ***********************
  545 00000034                 ALIGN
  546 00000034         
  547 00000034         ;*******************************************************
                       ***********************
  548 00000034         ;
  549 00000034         ; Some code in the normal code section for initializing 
                       the heap and stack.
  550 00000034         ;
  551 00000034         ;*******************************************************
                       ***********************
  552 00000034 E000ED88 
              E000EF34 
              00000000         AREA             |.text|, CODE, READONLY
  553 00000040         
  554 00000040         ;*******************************************************
                       ***********************
  555 00000040         ;
  556 00000040         ; Useful functions.
  557 00000040         ;
  558 00000040         ;*******************************************************
                       ***********************
  559 00000040                 EXPORT           DisableInterrupts
  560 00000040                 EXPORT           EnableInterrupts
  561 00000040                 EXPORT           StartCritical
  562 00000040                 EXPORT           EndCritical
  563 00000040                 EXPORT           WaitForInterrupt
  564 00000040         
  565 00000040         ;*********** DisableInterrupts ***************
  566 00000040         ; disable interrupts
  567 00000040         ; inputs:  none
  568 00000040         ; outputs: none
  569 00000040         DisableInterrupts
  570 00000040 B672            CPSID            I
  571 00000042 4770            BX               LR
  572 00000044         
  573 00000044         ;*********** EnableInterrupts ***************
  574 00000044         ; disable interrupts
  575 00000044         ; inputs:  none
  576 00000044         ; outputs: none
  577 00000044         EnableInterrupts
  578 00000044 B662            CPSIE            I
  579 00000046 4770            BX               LR
  580 00000048         
  581 00000048         ;*********** StartCritical ************************
  582 00000048         ; make a copy of previous I bit, disable interrupts
  583 00000048         ; inputs:  none
  584 00000048         ; outputs: previous I bit
  585 00000048         StartCritical
  586 00000048 F3EF 8010       MRS              R0, PRIMASK ; save old status
  587 0000004C B672            CPSID            I           ; mask all (except 
                                                            faults)
  588 0000004E 4770            BX               LR
  589 00000050         
  590 00000050         ;*********** EndCritical ************************
  591 00000050         ; using the copy of previous I bit, restore I bit to pre
                       vious value
  592 00000050         ; inputs:  previous I bit



ARM Macro Assembler    Page 16 


  593 00000050         ; outputs: none
  594 00000050         EndCritical
  595 00000050 F380 8810       MSR              PRIMASK, R0
  596 00000054 4770            BX               LR
  597 00000056         
  598 00000056         ;*********** WaitForInterrupt ************************
  599 00000056         ; go to low power mode while waiting for the next interr
                       upt
  600 00000056         ; inputs:  none
  601 00000056         ; outputs: none
  602 00000056         WaitForInterrupt
  603 00000056 BF30            WFI
  604 00000058 4770            BX               LR
  605 0000005A         
  606 0000005A         ; User Initial Stack & Heap
  607 0000005A         
  608 0000005A                 IF               :DEF:__MICROLIB
  609 0000005A         
  610 0000005A                 EXPORT           __initial_sp
  611 0000005A                 EXPORT           __heap_base
  612 0000005A                 EXPORT           __heap_limit
  613 0000005A         
  614 0000005A                 ELSE
  628                          ENDIF
  629 0000005A         
  630 0000005A         
  631 0000005A                 END
Command Line: --debug --xref --diag_suppress=9931 --cpu=Cortex-M4.fp --apcs=int
erwork --depend=.\flash\cstartup.d -o.\flash\cstartup.o -I.\RTE\_FLASH -IC:\Kei
l_v5\ARM\PACK\ARM\CMSIS\5.4.0\CMSIS\Core\Include -IC:\Keil_v5\ARM\PACK\Keil\TM4
C_DFP\1.1.0\Device\Include\TM4C123 --predefine="__EVAL SETA 1" --predefine="__M
ICROLIB SETA 1" --predefine="__UVISION_VERSION SETA 527" --predefine="_RTE_ SET
A 1" --predefine="TM4C123GH6PM SETA 1" --list=.\list\cstartup.lst ..\..\BSP\Kei
lMDK\cstartup.s



ARM Macro Assembler    Page 1 Alphabetic symbol ordering
Relocatable symbols

STACK 00000000

Symbol: STACK
   Definitions
      At line 39 in file ..\..\BSP\KeilMDK\cstartup.s
   Uses
      None
Comment: STACK unused
Stack_Mem 00000000

Symbol: Stack_Mem
   Definitions
      At line 40 in file ..\..\BSP\KeilMDK\cstartup.s
   Uses
      None
Comment: Stack_Mem unused
__initial_sp 00000200

Symbol: __initial_sp
   Definitions
      At line 41 in file ..\..\BSP\KeilMDK\cstartup.s
   Uses
      At line 75 in file ..\..\BSP\KeilMDK\cstartup.s
      At line 610 in file ..\..\BSP\KeilMDK\cstartup.s

3 symbols



ARM Macro Assembler    Page 1 Alphabetic symbol ordering
Relocatable symbols

HEAP 00000000

Symbol: HEAP
   Definitions
      At line 55 in file ..\..\BSP\KeilMDK\cstartup.s
   Uses
      None
Comment: HEAP unused
Heap_Mem 00000000

Symbol: Heap_Mem
   Definitions
      At line 57 in file ..\..\BSP\KeilMDK\cstartup.s
   Uses
      None
Comment: Heap_Mem unused
__heap_base 00000000

Symbol: __heap_base
   Definitions
      At line 56 in file ..\..\BSP\KeilMDK\cstartup.s
   Uses
      At line 611 in file ..\..\BSP\KeilMDK\cstartup.s
Comment: __heap_base used once
__heap_limit 00000000

Symbol: __heap_limit
   Definitions
      At line 58 in file ..\..\BSP\KeilMDK\cstartup.s
   Uses
      At line 612 in file ..\..\BSP\KeilMDK\cstartup.s
Comment: __heap_limit used once
4 symbols



ARM Macro Assembler    Page 1 Alphabetic symbol ordering
Relocatable symbols

RESET 00000000

Symbol: RESET
   Definitions
      At line 67 in file ..\..\BSP\KeilMDK\cstartup.s
   Uses
      None
Comment: RESET unused
__Vectors 00000000

Symbol: __Vectors
   Definitions
      At line 75 in file ..\..\BSP\KeilMDK\cstartup.s
   Uses
      At line 68 in file ..\..\BSP\KeilMDK\cstartup.s
      At line 236 in file ..\..\BSP\KeilMDK\cstartup.s

__Vectors_End 0000026C

Symbol: __Vectors_End
   Definitions
      At line 234 in file ..\..\BSP\KeilMDK\cstartup.s
   Uses
      At line 69 in file ..\..\BSP\KeilMDK\cstartup.s
      At line 236 in file ..\..\BSP\KeilMDK\cstartup.s

3 symbols



ARM Macro Assembler    Page 1 Alphabetic symbol ordering
Relocatable symbols

.text 00000000

Symbol: .text
   Definitions
      At line 238 in file ..\..\BSP\KeilMDK\cstartup.s
   Uses
      None
Comment: .text unused
ADC0Seq0_Handler 00000032

Symbol: ADC0Seq0_Handler
   Definitions
      At line 437 in file ..\..\BSP\KeilMDK\cstartup.s
   Uses
      At line 108 in file ..\..\BSP\KeilMDK\cstartup.s
      At line 322 in file ..\..\BSP\KeilMDK\cstartup.s

ADC0Seq1_Handler 00000032

Symbol: ADC0Seq1_Handler
   Definitions
      At line 438 in file ..\..\BSP\KeilMDK\cstartup.s
   Uses
      At line 109 in file ..\..\BSP\KeilMDK\cstartup.s
      At line 323 in file ..\..\BSP\KeilMDK\cstartup.s

ADC0Seq2_Handler 00000032

Symbol: ADC0Seq2_Handler
   Definitions
      At line 439 in file ..\..\BSP\KeilMDK\cstartup.s
   Uses
      At line 110 in file ..\..\BSP\KeilMDK\cstartup.s
      At line 324 in file ..\..\BSP\KeilMDK\cstartup.s

ADC0Seq3_Handler 00000032

Symbol: ADC0Seq3_Handler
   Definitions
      At line 440 in file ..\..\BSP\KeilMDK\cstartup.s
   Uses
      At line 111 in file ..\..\BSP\KeilMDK\cstartup.s
      At line 325 in file ..\..\BSP\KeilMDK\cstartup.s

ADC1Seq0_Handler 00000032

Symbol: ADC1Seq0_Handler
   Definitions
      At line 471 in file ..\..\BSP\KeilMDK\cstartup.s
   Uses
      At line 142 in file ..\..\BSP\KeilMDK\cstartup.s
      At line 356 in file ..\..\BSP\KeilMDK\cstartup.s

ADC1Seq1_Handler 00000032

Symbol: ADC1Seq1_Handler
   Definitions
      At line 472 in file ..\..\BSP\KeilMDK\cstartup.s
   Uses



ARM Macro Assembler    Page 2 Alphabetic symbol ordering
Relocatable symbols

      At line 143 in file ..\..\BSP\KeilMDK\cstartup.s
      At line 357 in file ..\..\BSP\KeilMDK\cstartup.s

ADC1Seq2_Handler 00000032

Symbol: ADC1Seq2_Handler
   Definitions
      At line 473 in file ..\..\BSP\KeilMDK\cstartup.s
   Uses
      At line 144 in file ..\..\BSP\KeilMDK\cstartup.s
      At line 358 in file ..\..\BSP\KeilMDK\cstartup.s

ADC1Seq3_Handler 00000032

Symbol: ADC1Seq3_Handler
   Definitions
      At line 474 in file ..\..\BSP\KeilMDK\cstartup.s
   Uses
      At line 145 in file ..\..\BSP\KeilMDK\cstartup.s
      At line 359 in file ..\..\BSP\KeilMDK\cstartup.s

App_BusFault_ISR 0000002A

Symbol: App_BusFault_ISR
   Definitions
      At line 287 in file ..\..\BSP\KeilMDK\cstartup.s
   Uses
      At line 80 in file ..\..\BSP\KeilMDK\cstartup.s
      At line 288 in file ..\..\BSP\KeilMDK\cstartup.s

App_Fault_ISR 00000026

Symbol: App_Fault_ISR
   Definitions
      At line 277 in file ..\..\BSP\KeilMDK\cstartup.s
   Uses
      At line 78 in file ..\..\BSP\KeilMDK\cstartup.s
      At line 278 in file ..\..\BSP\KeilMDK\cstartup.s

App_MemFault_ISR 00000028

Symbol: App_MemFault_ISR
   Definitions
      At line 282 in file ..\..\BSP\KeilMDK\cstartup.s
   Uses
      At line 79 in file ..\..\BSP\KeilMDK\cstartup.s
      At line 283 in file ..\..\BSP\KeilMDK\cstartup.s

App_NMI_ISR 00000024

Symbol: App_NMI_ISR
   Definitions
      At line 272 in file ..\..\BSP\KeilMDK\cstartup.s
   Uses
      At line 77 in file ..\..\BSP\KeilMDK\cstartup.s
      At line 273 in file ..\..\BSP\KeilMDK\cstartup.s

App_Reserved_ISR 00000030




ARM Macro Assembler    Page 3 Alphabetic symbol ordering
Relocatable symbols

Symbol: App_Reserved_ISR
   Definitions
      At line 302 in file ..\..\BSP\KeilMDK\cstartup.s
   Uses
      At line 303 in file ..\..\BSP\KeilMDK\cstartup.s
Comment: App_Reserved_ISR used once
App_Spurious_ISR 0000002E

Symbol: App_Spurious_ISR
   Definitions
      At line 297 in file ..\..\BSP\KeilMDK\cstartup.s
   Uses
      At line 82 in file ..\..\BSP\KeilMDK\cstartup.s
      At line 83 in file ..\..\BSP\KeilMDK\cstartup.s
      At line 84 in file ..\..\BSP\KeilMDK\cstartup.s
      At line 85 in file ..\..\BSP\KeilMDK\cstartup.s
      At line 86 in file ..\..\BSP\KeilMDK\cstartup.s
      At line 87 in file ..\..\BSP\KeilMDK\cstartup.s
      At line 88 in file ..\..\BSP\KeilMDK\cstartup.s
      At line 298 in file ..\..\BSP\KeilMDK\cstartup.s

App_UsageFault_ISR 0000002C

Symbol: App_UsageFault_ISR
   Definitions
      At line 292 in file ..\..\BSP\KeilMDK\cstartup.s
   Uses
      At line 81 in file ..\..\BSP\KeilMDK\cstartup.s
      At line 293 in file ..\..\BSP\KeilMDK\cstartup.s

CAN0_Handler 00000032

Symbol: CAN0_Handler
   Definitions
      At line 462 in file ..\..\BSP\KeilMDK\cstartup.s
   Uses
      At line 133 in file ..\..\BSP\KeilMDK\cstartup.s
      At line 347 in file ..\..\BSP\KeilMDK\cstartup.s

CAN1_Handler 00000032

Symbol: CAN1_Handler
   Definitions
      At line 463 in file ..\..\BSP\KeilMDK\cstartup.s
   Uses
      At line 134 in file ..\..\BSP\KeilMDK\cstartup.s
      At line 348 in file ..\..\BSP\KeilMDK\cstartup.s

CAN2_Handler 00000032

Symbol: CAN2_Handler
   Definitions
      At line 464 in file ..\..\BSP\KeilMDK\cstartup.s
   Uses
      At line 135 in file ..\..\BSP\KeilMDK\cstartup.s
      At line 349 in file ..\..\BSP\KeilMDK\cstartup.s

Comp0_Handler 00000032




ARM Macro Assembler    Page 4 Alphabetic symbol ordering
Relocatable symbols

Symbol: Comp0_Handler
   Definitions
      At line 448 in file ..\..\BSP\KeilMDK\cstartup.s
   Uses
      At line 119 in file ..\..\BSP\KeilMDK\cstartup.s
      At line 333 in file ..\..\BSP\KeilMDK\cstartup.s

Comp1_Handler 00000032

Symbol: Comp1_Handler
   Definitions
      At line 449 in file ..\..\BSP\KeilMDK\cstartup.s
   Uses
      At line 120 in file ..\..\BSP\KeilMDK\cstartup.s
      At line 334 in file ..\..\BSP\KeilMDK\cstartup.s

Comp2_Handler 00000032

Symbol: Comp2_Handler
   Definitions
      At line 450 in file ..\..\BSP\KeilMDK\cstartup.s
   Uses
      At line 121 in file ..\..\BSP\KeilMDK\cstartup.s
      At line 335 in file ..\..\BSP\KeilMDK\cstartup.s

DisableInterrupts 00000040

Symbol: DisableInterrupts
   Definitions
      At line 569 in file ..\..\BSP\KeilMDK\cstartup.s
   Uses
      At line 559 in file ..\..\BSP\KeilMDK\cstartup.s
Comment: DisableInterrupts used once
EnableInterrupts 00000044

Symbol: EnableInterrupts
   Definitions
      At line 577 in file ..\..\BSP\KeilMDK\cstartup.s
   Uses
      At line 560 in file ..\..\BSP\KeilMDK\cstartup.s
Comment: EnableInterrupts used once
EndCritical 00000050

Symbol: EndCritical
   Definitions
      At line 594 in file ..\..\BSP\KeilMDK\cstartup.s
   Uses
      At line 562 in file ..\..\BSP\KeilMDK\cstartup.s
Comment: EndCritical used once
Ethernet_Handler 00000032

Symbol: Ethernet_Handler
   Definitions
      At line 465 in file ..\..\BSP\KeilMDK\cstartup.s
   Uses
      At line 136 in file ..\..\BSP\KeilMDK\cstartup.s
      At line 350 in file ..\..\BSP\KeilMDK\cstartup.s

ExtBus_Handler 00000032



ARM Macro Assembler    Page 5 Alphabetic symbol ordering
Relocatable symbols


Symbol: ExtBus_Handler
   Definitions
      At line 476 in file ..\..\BSP\KeilMDK\cstartup.s
   Uses
      At line 147 in file ..\..\BSP\KeilMDK\cstartup.s
      At line 361 in file ..\..\BSP\KeilMDK\cstartup.s

FPU_Handler 00000032

Symbol: FPU_Handler
   Definitions
      At line 505 in file ..\..\BSP\KeilMDK\cstartup.s
   Uses
      At line 200 in file ..\..\BSP\KeilMDK\cstartup.s
      At line 390 in file ..\..\BSP\KeilMDK\cstartup.s

Fan0_Handler 00000032

Symbol: Fan0_Handler
   Definitions
      At line 513 in file ..\..\BSP\KeilMDK\cstartup.s
   Uses
      At line 208 in file ..\..\BSP\KeilMDK\cstartup.s
      At line 398 in file ..\..\BSP\KeilMDK\cstartup.s

FlashCtl_Handler 00000032

Symbol: FlashCtl_Handler
   Definitions
      At line 452 in file ..\..\BSP\KeilMDK\cstartup.s
   Uses
      At line 123 in file ..\..\BSP\KeilMDK\cstartup.s
      At line 337 in file ..\..\BSP\KeilMDK\cstartup.s

GPIOPortA_Handler 00000032

Symbol: GPIOPortA_Handler
   Definitions
      At line 423 in file ..\..\BSP\KeilMDK\cstartup.s
   Uses
      At line 94 in file ..\..\BSP\KeilMDK\cstartup.s
      At line 308 in file ..\..\BSP\KeilMDK\cstartup.s

GPIOPortB_Handler 00000032

Symbol: GPIOPortB_Handler
   Definitions
      At line 424 in file ..\..\BSP\KeilMDK\cstartup.s
   Uses
      At line 95 in file ..\..\BSP\KeilMDK\cstartup.s
      At line 309 in file ..\..\BSP\KeilMDK\cstartup.s

GPIOPortC_Handler 00000032

Symbol: GPIOPortC_Handler
   Definitions
      At line 425 in file ..\..\BSP\KeilMDK\cstartup.s
   Uses



ARM Macro Assembler    Page 6 Alphabetic symbol ordering
Relocatable symbols

      At line 96 in file ..\..\BSP\KeilMDK\cstartup.s
      At line 310 in file ..\..\BSP\KeilMDK\cstartup.s

GPIOPortD_Handler 00000032

Symbol: GPIOPortD_Handler
   Definitions
      At line 426 in file ..\..\BSP\KeilMDK\cstartup.s
   Uses
      At line 97 in file ..\..\BSP\KeilMDK\cstartup.s
      At line 311 in file ..\..\BSP\KeilMDK\cstartup.s

GPIOPortE_Handler 00000032

Symbol: GPIOPortE_Handler
   Definitions
      At line 427 in file ..\..\BSP\KeilMDK\cstartup.s
   Uses
      At line 98 in file ..\..\BSP\KeilMDK\cstartup.s
      At line 312 in file ..\..\BSP\KeilMDK\cstartup.s

GPIOPortF_Handler 00000032

Symbol: GPIOPortF_Handler
   Definitions
      At line 453 in file ..\..\BSP\KeilMDK\cstartup.s
   Uses
      At line 124 in file ..\..\BSP\KeilMDK\cstartup.s
      At line 338 in file ..\..\BSP\KeilMDK\cstartup.s

GPIOPortG_Handler 00000032

Symbol: GPIOPortG_Handler
   Definitions
      At line 454 in file ..\..\BSP\KeilMDK\cstartup.s
   Uses
      At line 125 in file ..\..\BSP\KeilMDK\cstartup.s
      At line 339 in file ..\..\BSP\KeilMDK\cstartup.s

GPIOPortH_Handler 00000032

Symbol: GPIOPortH_Handler
   Definitions
      At line 455 in file ..\..\BSP\KeilMDK\cstartup.s
   Uses
      At line 126 in file ..\..\BSP\KeilMDK\cstartup.s
      At line 340 in file ..\..\BSP\KeilMDK\cstartup.s

GPIOPortJ_Handler 00000032

Symbol: GPIOPortJ_Handler
   Definitions
      At line 477 in file ..\..\BSP\KeilMDK\cstartup.s
   Uses
      At line 148 in file ..\..\BSP\KeilMDK\cstartup.s
      At line 362 in file ..\..\BSP\KeilMDK\cstartup.s

GPIOPortK_Handler 00000032




ARM Macro Assembler    Page 7 Alphabetic symbol ordering
Relocatable symbols

Symbol: GPIOPortK_Handler
   Definitions
      At line 478 in file ..\..\BSP\KeilMDK\cstartup.s
   Uses
      At line 149 in file ..\..\BSP\KeilMDK\cstartup.s
      At line 363 in file ..\..\BSP\KeilMDK\cstartup.s

GPIOPortL_Handler 00000032

Symbol: GPIOPortL_Handler
   Definitions
      At line 479 in file ..\..\BSP\KeilMDK\cstartup.s
   Uses
      At line 150 in file ..\..\BSP\KeilMDK\cstartup.s
      At line 364 in file ..\..\BSP\KeilMDK\cstartup.s

GPIOPortM_Handler 00000032

Symbol: GPIOPortM_Handler
   Definitions
      At line 510 in file ..\..\BSP\KeilMDK\cstartup.s
   Uses
      At line 205 in file ..\..\BSP\KeilMDK\cstartup.s
      At line 395 in file ..\..\BSP\KeilMDK\cstartup.s

GPIOPortN_Handler 00000032

Symbol: GPIOPortN_Handler
   Definitions
      At line 511 in file ..\..\BSP\KeilMDK\cstartup.s
   Uses
      At line 206 in file ..\..\BSP\KeilMDK\cstartup.s
      At line 396 in file ..\..\BSP\KeilMDK\cstartup.s

GPIOPortP1_Handler 00000032

Symbol: GPIOPortP1_Handler
   Definitions
      At line 515 in file ..\..\BSP\KeilMDK\cstartup.s
   Uses
      At line 211 in file ..\..\BSP\KeilMDK\cstartup.s
      At line 400 in file ..\..\BSP\KeilMDK\cstartup.s

GPIOPortP2_Handler 00000032

Symbol: GPIOPortP2_Handler
   Definitions
      At line 516 in file ..\..\BSP\KeilMDK\cstartup.s
   Uses
      At line 212 in file ..\..\BSP\KeilMDK\cstartup.s
      At line 401 in file ..\..\BSP\KeilMDK\cstartup.s

GPIOPortP3_Handler 00000032

Symbol: GPIOPortP3_Handler
   Definitions
      At line 517 in file ..\..\BSP\KeilMDK\cstartup.s
   Uses
      At line 213 in file ..\..\BSP\KeilMDK\cstartup.s



ARM Macro Assembler    Page 8 Alphabetic symbol ordering
Relocatable symbols

      At line 402 in file ..\..\BSP\KeilMDK\cstartup.s

GPIOPortP4_Handler 00000032

Symbol: GPIOPortP4_Handler
   Definitions
      At line 518 in file ..\..\BSP\KeilMDK\cstartup.s
   Uses
      At line 214 in file ..\..\BSP\KeilMDK\cstartup.s
      At line 403 in file ..\..\BSP\KeilMDK\cstartup.s

GPIOPortP5_Handler 00000032

Symbol: GPIOPortP5_Handler
   Definitions
      At line 519 in file ..\..\BSP\KeilMDK\cstartup.s
   Uses
      At line 215 in file ..\..\BSP\KeilMDK\cstartup.s
      At line 404 in file ..\..\BSP\KeilMDK\cstartup.s

GPIOPortP6_Handler 00000032

Symbol: GPIOPortP6_Handler
   Definitions
      At line 520 in file ..\..\BSP\KeilMDK\cstartup.s
   Uses
      At line 216 in file ..\..\BSP\KeilMDK\cstartup.s
      At line 405 in file ..\..\BSP\KeilMDK\cstartup.s

GPIOPortP7_Handler 00000032

Symbol: GPIOPortP7_Handler
   Definitions
      At line 521 in file ..\..\BSP\KeilMDK\cstartup.s
   Uses
      At line 217 in file ..\..\BSP\KeilMDK\cstartup.s
      At line 406 in file ..\..\BSP\KeilMDK\cstartup.s

GPIOPortP_Handler 00000032

Symbol: GPIOPortP_Handler
   Definitions
      At line 514 in file ..\..\BSP\KeilMDK\cstartup.s
   Uses
      At line 210 in file ..\..\BSP\KeilMDK\cstartup.s
      At line 399 in file ..\..\BSP\KeilMDK\cstartup.s

GPIOPortQ1_Handler 00000032

Symbol: GPIOPortQ1_Handler
   Definitions
      At line 523 in file ..\..\BSP\KeilMDK\cstartup.s
   Uses
      At line 219 in file ..\..\BSP\KeilMDK\cstartup.s
      At line 408 in file ..\..\BSP\KeilMDK\cstartup.s

GPIOPortQ2_Handler 00000032

Symbol: GPIOPortQ2_Handler



ARM Macro Assembler    Page 9 Alphabetic symbol ordering
Relocatable symbols

   Definitions
      At line 524 in file ..\..\BSP\KeilMDK\cstartup.s
   Uses
      At line 220 in file ..\..\BSP\KeilMDK\cstartup.s
      At line 409 in file ..\..\BSP\KeilMDK\cstartup.s

GPIOPortQ3_Handler 00000032

Symbol: GPIOPortQ3_Handler
   Definitions
      At line 525 in file ..\..\BSP\KeilMDK\cstartup.s
   Uses
      At line 221 in file ..\..\BSP\KeilMDK\cstartup.s
      At line 410 in file ..\..\BSP\KeilMDK\cstartup.s

GPIOPortQ4_Handler 00000032

Symbol: GPIOPortQ4_Handler
   Definitions
      At line 526 in file ..\..\BSP\KeilMDK\cstartup.s
   Uses
      At line 222 in file ..\..\BSP\KeilMDK\cstartup.s
      At line 411 in file ..\..\BSP\KeilMDK\cstartup.s

GPIOPortQ5_Handler 00000032

Symbol: GPIOPortQ5_Handler
   Definitions
      At line 527 in file ..\..\BSP\KeilMDK\cstartup.s
   Uses
      At line 223 in file ..\..\BSP\KeilMDK\cstartup.s
      At line 412 in file ..\..\BSP\KeilMDK\cstartup.s

GPIOPortQ6_Handler 00000032

Symbol: GPIOPortQ6_Handler
   Definitions
      At line 528 in file ..\..\BSP\KeilMDK\cstartup.s
   Uses
      At line 224 in file ..\..\BSP\KeilMDK\cstartup.s
      At line 413 in file ..\..\BSP\KeilMDK\cstartup.s

GPIOPortQ7_Handler 00000032

Symbol: GPIOPortQ7_Handler
   Definitions
      At line 529 in file ..\..\BSP\KeilMDK\cstartup.s
   Uses
      At line 225 in file ..\..\BSP\KeilMDK\cstartup.s
      At line 414 in file ..\..\BSP\KeilMDK\cstartup.s

GPIOPortQ_Handler 00000032

Symbol: GPIOPortQ_Handler
   Definitions
      At line 522 in file ..\..\BSP\KeilMDK\cstartup.s
   Uses
      At line 218 in file ..\..\BSP\KeilMDK\cstartup.s
      At line 407 in file ..\..\BSP\KeilMDK\cstartup.s



ARM Macro Assembler    Page 10 Alphabetic symbol ordering
Relocatable symbols


GPIOPortR_Handler 00000032

Symbol: GPIOPortR_Handler
   Definitions
      At line 530 in file ..\..\BSP\KeilMDK\cstartup.s
   Uses
      At line 226 in file ..\..\BSP\KeilMDK\cstartup.s
      At line 415 in file ..\..\BSP\KeilMDK\cstartup.s

GPIOPortS_Handler 00000032

Symbol: GPIOPortS_Handler
   Definitions
      At line 531 in file ..\..\BSP\KeilMDK\cstartup.s
   Uses
      At line 227 in file ..\..\BSP\KeilMDK\cstartup.s
      At line 416 in file ..\..\BSP\KeilMDK\cstartup.s

Hibernate_Handler 00000032

Symbol: Hibernate_Handler
   Definitions
      At line 466 in file ..\..\BSP\KeilMDK\cstartup.s
   Uses
      At line 137 in file ..\..\BSP\KeilMDK\cstartup.s
      At line 351 in file ..\..\BSP\KeilMDK\cstartup.s

I2C0_Handler 00000032

Symbol: I2C0_Handler
   Definitions
      At line 431 in file ..\..\BSP\KeilMDK\cstartup.s
   Uses
      At line 102 in file ..\..\BSP\KeilMDK\cstartup.s
      At line 316 in file ..\..\BSP\KeilMDK\cstartup.s

I2C1_Handler 00000032

Symbol: I2C1_Handler
   Definitions
      At line 460 in file ..\..\BSP\KeilMDK\cstartup.s
   Uses
      At line 131 in file ..\..\BSP\KeilMDK\cstartup.s
      At line 345 in file ..\..\BSP\KeilMDK\cstartup.s

I2C2_Handler 00000032

Symbol: I2C2_Handler
   Definitions
      At line 487 in file ..\..\BSP\KeilMDK\cstartup.s
   Uses
      At line 162 in file ..\..\BSP\KeilMDK\cstartup.s
      At line 372 in file ..\..\BSP\KeilMDK\cstartup.s

I2C3_Handler 00000032

Symbol: I2C3_Handler
   Definitions



ARM Macro Assembler    Page 11 Alphabetic symbol ordering
Relocatable symbols

      At line 488 in file ..\..\BSP\KeilMDK\cstartup.s
   Uses
      At line 163 in file ..\..\BSP\KeilMDK\cstartup.s
      At line 373 in file ..\..\BSP\KeilMDK\cstartup.s

I2C4_Handler 00000032

Symbol: I2C4_Handler
   Definitions
      At line 508 in file ..\..\BSP\KeilMDK\cstartup.s
   Uses
      At line 203 in file ..\..\BSP\KeilMDK\cstartup.s
      At line 393 in file ..\..\BSP\KeilMDK\cstartup.s

I2C5_Handler 00000032

Symbol: I2C5_Handler
   Definitions
      At line 509 in file ..\..\BSP\KeilMDK\cstartup.s
   Uses
      At line 204 in file ..\..\BSP\KeilMDK\cstartup.s
      At line 394 in file ..\..\BSP\KeilMDK\cstartup.s

I2S0_Handler 00000032

Symbol: I2S0_Handler
   Definitions
      At line 475 in file ..\..\BSP\KeilMDK\cstartup.s
   Uses
      At line 146 in file ..\..\BSP\KeilMDK\cstartup.s
      At line 360 in file ..\..\BSP\KeilMDK\cstartup.s

IntDefaultHandler 00000032

Symbol: IntDefaultHandler
   Definitions
      At line 307 in file ..\..\BSP\KeilMDK\cstartup.s
   Uses
      None
Comment: IntDefaultHandler unused
LPC0_Handler 00000032

Symbol: LPC0_Handler
   Definitions
      At line 507 in file ..\..\BSP\KeilMDK\cstartup.s
   Uses
      At line 202 in file ..\..\BSP\KeilMDK\cstartup.s
      At line 392 in file ..\..\BSP\KeilMDK\cstartup.s

PECI0_Handler 00000032

Symbol: PECI0_Handler
   Definitions
      At line 506 in file ..\..\BSP\KeilMDK\cstartup.s
   Uses
      At line 201 in file ..\..\BSP\KeilMDK\cstartup.s
      At line 391 in file ..\..\BSP\KeilMDK\cstartup.s

PWM0Fault_Handler 00000032



ARM Macro Assembler    Page 12 Alphabetic symbol ordering
Relocatable symbols


Symbol: PWM0Fault_Handler
   Definitions
      At line 432 in file ..\..\BSP\KeilMDK\cstartup.s
   Uses
      At line 103 in file ..\..\BSP\KeilMDK\cstartup.s
      At line 317 in file ..\..\BSP\KeilMDK\cstartup.s

PWM0Generator0_Handler 00000032

Symbol: PWM0Generator0_Handler
   Definitions
      At line 433 in file ..\..\BSP\KeilMDK\cstartup.s
   Uses
      At line 104 in file ..\..\BSP\KeilMDK\cstartup.s
      At line 318 in file ..\..\BSP\KeilMDK\cstartup.s

PWM0Generator1_Handler 00000032

Symbol: PWM0Generator1_Handler
   Definitions
      At line 434 in file ..\..\BSP\KeilMDK\cstartup.s
   Uses
      At line 105 in file ..\..\BSP\KeilMDK\cstartup.s
      At line 319 in file ..\..\BSP\KeilMDK\cstartup.s

PWM0Generator2_Handler 00000032

Symbol: PWM0Generator2_Handler
   Definitions
      At line 435 in file ..\..\BSP\KeilMDK\cstartup.s
   Uses
      At line 106 in file ..\..\BSP\KeilMDK\cstartup.s
      At line 320 in file ..\..\BSP\KeilMDK\cstartup.s

PWM0Generator3_Handler 00000032

Symbol: PWM0Generator3_Handler
   Definitions
      At line 468 in file ..\..\BSP\KeilMDK\cstartup.s
   Uses
      At line 139 in file ..\..\BSP\KeilMDK\cstartup.s
      At line 353 in file ..\..\BSP\KeilMDK\cstartup.s

PWM1Fault_Handler 00000032

Symbol: PWM1Fault_Handler
   Definitions
      At line 536 in file ..\..\BSP\KeilMDK\cstartup.s
   Uses
      At line 232 in file ..\..\BSP\KeilMDK\cstartup.s
      At line 421 in file ..\..\BSP\KeilMDK\cstartup.s

PWM1Generator0_Handler 00000032

Symbol: PWM1Generator0_Handler
   Definitions
      At line 532 in file ..\..\BSP\KeilMDK\cstartup.s
   Uses



ARM Macro Assembler    Page 13 Alphabetic symbol ordering
Relocatable symbols

      At line 228 in file ..\..\BSP\KeilMDK\cstartup.s
      At line 417 in file ..\..\BSP\KeilMDK\cstartup.s

PWM1Generator1_Handler 00000032

Symbol: PWM1Generator1_Handler
   Definitions
      At line 533 in file ..\..\BSP\KeilMDK\cstartup.s
   Uses
      At line 229 in file ..\..\BSP\KeilMDK\cstartup.s
      At line 418 in file ..\..\BSP\KeilMDK\cstartup.s

PWM1Generator2_Handler 00000032

Symbol: PWM1Generator2_Handler
   Definitions
      At line 534 in file ..\..\BSP\KeilMDK\cstartup.s
   Uses
      At line 230 in file ..\..\BSP\KeilMDK\cstartup.s
      At line 419 in file ..\..\BSP\KeilMDK\cstartup.s

PWM1Generator3_Handler 00000032

Symbol: PWM1Generator3_Handler
   Definitions
      At line 535 in file ..\..\BSP\KeilMDK\cstartup.s
   Uses
      At line 231 in file ..\..\BSP\KeilMDK\cstartup.s
      At line 420 in file ..\..\BSP\KeilMDK\cstartup.s

Quadrature0_Handler 00000032

Symbol: Quadrature0_Handler
   Definitions
      At line 436 in file ..\..\BSP\KeilMDK\cstartup.s
   Uses
      At line 107 in file ..\..\BSP\KeilMDK\cstartup.s
      At line 321 in file ..\..\BSP\KeilMDK\cstartup.s

Quadrature1_Handler 00000032

Symbol: Quadrature1_Handler
   Definitions
      At line 461 in file ..\..\BSP\KeilMDK\cstartup.s
   Uses
      At line 132 in file ..\..\BSP\KeilMDK\cstartup.s
      At line 346 in file ..\..\BSP\KeilMDK\cstartup.s

Quadrature2_Handler 00000032

Symbol: Quadrature2_Handler
   Definitions
      At line 512 in file ..\..\BSP\KeilMDK\cstartup.s
   Uses
      At line 207 in file ..\..\BSP\KeilMDK\cstartup.s
      At line 397 in file ..\..\BSP\KeilMDK\cstartup.s

Reset_Handler 00000000




ARM Macro Assembler    Page 14 Alphabetic symbol ordering
Relocatable symbols

Symbol: Reset_Handler
   Definitions
      At line 243 in file ..\..\BSP\KeilMDK\cstartup.s
   Uses
      At line 76 in file ..\..\BSP\KeilMDK\cstartup.s
      At line 244 in file ..\..\BSP\KeilMDK\cstartup.s

SSI0_Handler 00000032

Symbol: SSI0_Handler
   Definitions
      At line 430 in file ..\..\BSP\KeilMDK\cstartup.s
   Uses
      At line 101 in file ..\..\BSP\KeilMDK\cstartup.s
      At line 315 in file ..\..\BSP\KeilMDK\cstartup.s

SSI1_Handler 00000032

Symbol: SSI1_Handler
   Definitions
      At line 457 in file ..\..\BSP\KeilMDK\cstartup.s
   Uses
      At line 128 in file ..\..\BSP\KeilMDK\cstartup.s
      At line 342 in file ..\..\BSP\KeilMDK\cstartup.s

SSI2_Handler 00000032

Symbol: SSI2_Handler
   Definitions
      At line 480 in file ..\..\BSP\KeilMDK\cstartup.s
   Uses
      At line 151 in file ..\..\BSP\KeilMDK\cstartup.s
      At line 365 in file ..\..\BSP\KeilMDK\cstartup.s

SSI3_Handler 00000032

Symbol: SSI3_Handler
   Definitions
      At line 481 in file ..\..\BSP\KeilMDK\cstartup.s
   Uses
      At line 152 in file ..\..\BSP\KeilMDK\cstartup.s
      At line 366 in file ..\..\BSP\KeilMDK\cstartup.s

StartCritical 00000048

Symbol: StartCritical
   Definitions
      At line 585 in file ..\..\BSP\KeilMDK\cstartup.s
   Uses
      At line 561 in file ..\..\BSP\KeilMDK\cstartup.s
Comment: StartCritical used once
SysCtl_Handler 00000032

Symbol: SysCtl_Handler
   Definitions
      At line 451 in file ..\..\BSP\KeilMDK\cstartup.s
   Uses
      At line 122 in file ..\..\BSP\KeilMDK\cstartup.s
      At line 336 in file ..\..\BSP\KeilMDK\cstartup.s



ARM Macro Assembler    Page 15 Alphabetic symbol ordering
Relocatable symbols


Timer0A_Handler 00000032

Symbol: Timer0A_Handler
   Definitions
      At line 442 in file ..\..\BSP\KeilMDK\cstartup.s
   Uses
      At line 113 in file ..\..\BSP\KeilMDK\cstartup.s
      At line 327 in file ..\..\BSP\KeilMDK\cstartup.s

Timer0B_Handler 00000032

Symbol: Timer0B_Handler
   Definitions
      At line 443 in file ..\..\BSP\KeilMDK\cstartup.s
   Uses
      At line 114 in file ..\..\BSP\KeilMDK\cstartup.s
      At line 328 in file ..\..\BSP\KeilMDK\cstartup.s

Timer1A_Handler 00000032

Symbol: Timer1A_Handler
   Definitions
      At line 444 in file ..\..\BSP\KeilMDK\cstartup.s
   Uses
      At line 115 in file ..\..\BSP\KeilMDK\cstartup.s
      At line 329 in file ..\..\BSP\KeilMDK\cstartup.s

Timer1B_Handler 00000032

Symbol: Timer1B_Handler
   Definitions
      At line 445 in file ..\..\BSP\KeilMDK\cstartup.s
   Uses
      At line 116 in file ..\..\BSP\KeilMDK\cstartup.s
      At line 330 in file ..\..\BSP\KeilMDK\cstartup.s

Timer2A_Handler 00000032

Symbol: Timer2A_Handler
   Definitions
      At line 446 in file ..\..\BSP\KeilMDK\cstartup.s
   Uses
      At line 117 in file ..\..\BSP\KeilMDK\cstartup.s
      At line 331 in file ..\..\BSP\KeilMDK\cstartup.s

Timer2B_Handler 00000032

Symbol: Timer2B_Handler
   Definitions
      At line 447 in file ..\..\BSP\KeilMDK\cstartup.s
   Uses
      At line 118 in file ..\..\BSP\KeilMDK\cstartup.s
      At line 332 in file ..\..\BSP\KeilMDK\cstartup.s

Timer3A_Handler 00000032

Symbol: Timer3A_Handler
   Definitions



ARM Macro Assembler    Page 16 Alphabetic symbol ordering
Relocatable symbols

      At line 458 in file ..\..\BSP\KeilMDK\cstartup.s
   Uses
      At line 129 in file ..\..\BSP\KeilMDK\cstartup.s
      At line 343 in file ..\..\BSP\KeilMDK\cstartup.s

Timer3B_Handler 00000032

Symbol: Timer3B_Handler
   Definitions
      At line 459 in file ..\..\BSP\KeilMDK\cstartup.s
   Uses
      At line 130 in file ..\..\BSP\KeilMDK\cstartup.s
      At line 344 in file ..\..\BSP\KeilMDK\cstartup.s

Timer4A_Handler 00000032

Symbol: Timer4A_Handler
   Definitions
      At line 489 in file ..\..\BSP\KeilMDK\cstartup.s
   Uses
      At line 164 in file ..\..\BSP\KeilMDK\cstartup.s
      At line 374 in file ..\..\BSP\KeilMDK\cstartup.s

Timer4B_Handler 00000032

Symbol: Timer4B_Handler
   Definitions
      At line 490 in file ..\..\BSP\KeilMDK\cstartup.s
   Uses
      At line 165 in file ..\..\BSP\KeilMDK\cstartup.s
      At line 375 in file ..\..\BSP\KeilMDK\cstartup.s

Timer5A_Handler 00000032

Symbol: Timer5A_Handler
   Definitions
      At line 491 in file ..\..\BSP\KeilMDK\cstartup.s
   Uses
      At line 186 in file ..\..\BSP\KeilMDK\cstartup.s
      At line 376 in file ..\..\BSP\KeilMDK\cstartup.s

Timer5B_Handler 00000032

Symbol: Timer5B_Handler
   Definitions
      At line 492 in file ..\..\BSP\KeilMDK\cstartup.s
   Uses
      At line 187 in file ..\..\BSP\KeilMDK\cstartup.s
      At line 377 in file ..\..\BSP\KeilMDK\cstartup.s

UART0_Handler 00000032

Symbol: UART0_Handler
   Definitions
      At line 428 in file ..\..\BSP\KeilMDK\cstartup.s
   Uses
      At line 99 in file ..\..\BSP\KeilMDK\cstartup.s
      At line 313 in file ..\..\BSP\KeilMDK\cstartup.s




ARM Macro Assembler    Page 17 Alphabetic symbol ordering
Relocatable symbols

UART1_Handler 00000032

Symbol: UART1_Handler
   Definitions
      At line 429 in file ..\..\BSP\KeilMDK\cstartup.s
   Uses
      At line 100 in file ..\..\BSP\KeilMDK\cstartup.s
      At line 314 in file ..\..\BSP\KeilMDK\cstartup.s

UART2_Handler 00000032

Symbol: UART2_Handler
   Definitions
      At line 456 in file ..\..\BSP\KeilMDK\cstartup.s
   Uses
      At line 127 in file ..\..\BSP\KeilMDK\cstartup.s
      At line 341 in file ..\..\BSP\KeilMDK\cstartup.s

UART3_Handler 00000032

Symbol: UART3_Handler
   Definitions
      At line 482 in file ..\..\BSP\KeilMDK\cstartup.s
   Uses
      At line 153 in file ..\..\BSP\KeilMDK\cstartup.s
      At line 367 in file ..\..\BSP\KeilMDK\cstartup.s

UART4_Handler 00000032

Symbol: UART4_Handler
   Definitions
      At line 483 in file ..\..\BSP\KeilMDK\cstartup.s
   Uses
      At line 154 in file ..\..\BSP\KeilMDK\cstartup.s
      At line 368 in file ..\..\BSP\KeilMDK\cstartup.s

UART5_Handler 00000032

Symbol: UART5_Handler
   Definitions
      At line 484 in file ..\..\BSP\KeilMDK\cstartup.s
   Uses
      At line 155 in file ..\..\BSP\KeilMDK\cstartup.s
      At line 369 in file ..\..\BSP\KeilMDK\cstartup.s

UART6_Handler 00000032

Symbol: UART6_Handler
   Definitions
      At line 485 in file ..\..\BSP\KeilMDK\cstartup.s
   Uses
      At line 156 in file ..\..\BSP\KeilMDK\cstartup.s
      At line 370 in file ..\..\BSP\KeilMDK\cstartup.s

UART7_Handler 00000032

Symbol: UART7_Handler
   Definitions
      At line 486 in file ..\..\BSP\KeilMDK\cstartup.s



ARM Macro Assembler    Page 18 Alphabetic symbol ordering
Relocatable symbols

   Uses
      At line 157 in file ..\..\BSP\KeilMDK\cstartup.s
      At line 371 in file ..\..\BSP\KeilMDK\cstartup.s

USB0_Handler 00000032

Symbol: USB0_Handler
   Definitions
      At line 467 in file ..\..\BSP\KeilMDK\cstartup.s
   Uses
      At line 138 in file ..\..\BSP\KeilMDK\cstartup.s
      At line 352 in file ..\..\BSP\KeilMDK\cstartup.s

WDT_Handler 00000032

Symbol: WDT_Handler
   Definitions
      At line 441 in file ..\..\BSP\KeilMDK\cstartup.s
   Uses
      At line 112 in file ..\..\BSP\KeilMDK\cstartup.s
      At line 326 in file ..\..\BSP\KeilMDK\cstartup.s

WaitForInterrupt 00000056

Symbol: WaitForInterrupt
   Definitions
      At line 602 in file ..\..\BSP\KeilMDK\cstartup.s
   Uses
      At line 563 in file ..\..\BSP\KeilMDK\cstartup.s
Comment: WaitForInterrupt used once
WideTimer0A_Handler 00000032

Symbol: WideTimer0A_Handler
   Definitions
      At line 493 in file ..\..\BSP\KeilMDK\cstartup.s
   Uses
      At line 188 in file ..\..\BSP\KeilMDK\cstartup.s
      At line 378 in file ..\..\BSP\KeilMDK\cstartup.s

WideTimer0B_Handler 00000032

Symbol: WideTimer0B_Handler
   Definitions
      At line 494 in file ..\..\BSP\KeilMDK\cstartup.s
   Uses
      At line 189 in file ..\..\BSP\KeilMDK\cstartup.s
      At line 379 in file ..\..\BSP\KeilMDK\cstartup.s

WideTimer1A_Handler 00000032

Symbol: WideTimer1A_Handler
   Definitions
      At line 495 in file ..\..\BSP\KeilMDK\cstartup.s
   Uses
      At line 190 in file ..\..\BSP\KeilMDK\cstartup.s
      At line 380 in file ..\..\BSP\KeilMDK\cstartup.s

WideTimer1B_Handler 00000032




ARM Macro Assembler    Page 19 Alphabetic symbol ordering
Relocatable symbols

Symbol: WideTimer1B_Handler
   Definitions
      At line 496 in file ..\..\BSP\KeilMDK\cstartup.s
   Uses
      At line 191 in file ..\..\BSP\KeilMDK\cstartup.s
      At line 381 in file ..\..\BSP\KeilMDK\cstartup.s

WideTimer2A_Handler 00000032

Symbol: WideTimer2A_Handler
   Definitions
      At line 497 in file ..\..\BSP\KeilMDK\cstartup.s
   Uses
      At line 192 in file ..\..\BSP\KeilMDK\cstartup.s
      At line 382 in file ..\..\BSP\KeilMDK\cstartup.s

WideTimer2B_Handler 00000032

Symbol: WideTimer2B_Handler
   Definitions
      At line 498 in file ..\..\BSP\KeilMDK\cstartup.s
   Uses
      At line 193 in file ..\..\BSP\KeilMDK\cstartup.s
      At line 383 in file ..\..\BSP\KeilMDK\cstartup.s

WideTimer3A_Handler 00000032

Symbol: WideTimer3A_Handler
   Definitions
      At line 499 in file ..\..\BSP\KeilMDK\cstartup.s
   Uses
      At line 194 in file ..\..\BSP\KeilMDK\cstartup.s
      At line 384 in file ..\..\BSP\KeilMDK\cstartup.s

WideTimer3B_Handler 00000032

Symbol: WideTimer3B_Handler
   Definitions
      At line 500 in file ..\..\BSP\KeilMDK\cstartup.s
   Uses
      At line 195 in file ..\..\BSP\KeilMDK\cstartup.s
      At line 385 in file ..\..\BSP\KeilMDK\cstartup.s

WideTimer4A_Handler 00000032

Symbol: WideTimer4A_Handler
   Definitions
      At line 501 in file ..\..\BSP\KeilMDK\cstartup.s
   Uses
      At line 196 in file ..\..\BSP\KeilMDK\cstartup.s
      At line 386 in file ..\..\BSP\KeilMDK\cstartup.s

WideTimer4B_Handler 00000032

Symbol: WideTimer4B_Handler
   Definitions
      At line 502 in file ..\..\BSP\KeilMDK\cstartup.s
   Uses
      At line 197 in file ..\..\BSP\KeilMDK\cstartup.s



ARM Macro Assembler    Page 20 Alphabetic symbol ordering
Relocatable symbols

      At line 387 in file ..\..\BSP\KeilMDK\cstartup.s

WideTimer5A_Handler 00000032

Symbol: WideTimer5A_Handler
   Definitions
      At line 503 in file ..\..\BSP\KeilMDK\cstartup.s
   Uses
      At line 198 in file ..\..\BSP\KeilMDK\cstartup.s
      At line 388 in file ..\..\BSP\KeilMDK\cstartup.s

WideTimer5B_Handler 00000032

Symbol: WideTimer5B_Handler
   Definitions
      At line 504 in file ..\..\BSP\KeilMDK\cstartup.s
   Uses
      At line 199 in file ..\..\BSP\KeilMDK\cstartup.s
      At line 389 in file ..\..\BSP\KeilMDK\cstartup.s

uDMA_Error 00000032

Symbol: uDMA_Error
   Definitions
      At line 470 in file ..\..\BSP\KeilMDK\cstartup.s
   Uses
      At line 141 in file ..\..\BSP\KeilMDK\cstartup.s
      At line 355 in file ..\..\BSP\KeilMDK\cstartup.s

uDMA_Handler 00000032

Symbol: uDMA_Handler
   Definitions
      At line 469 in file ..\..\BSP\KeilMDK\cstartup.s
   Uses
      At line 140 in file ..\..\BSP\KeilMDK\cstartup.s
      At line 354 in file ..\..\BSP\KeilMDK\cstartup.s

129 symbols



ARM Macro Assembler    Page 1 Alphabetic symbol ordering
Absolute symbols

Heap_Size 00000000

Symbol: Heap_Size
   Definitions
      At line 53 in file ..\..\BSP\KeilMDK\cstartup.s
   Uses
      At line 57 in file ..\..\BSP\KeilMDK\cstartup.s
Comment: Heap_Size used once
Stack_Size 00000200

Symbol: Stack_Size
   Definitions
      At line 37 in file ..\..\BSP\KeilMDK\cstartup.s
   Uses
      At line 40 in file ..\..\BSP\KeilMDK\cstartup.s
Comment: Stack_Size used once
__Vectors_Size 0000026C

Symbol: __Vectors_Size
   Definitions
      At line 236 in file ..\..\BSP\KeilMDK\cstartup.s
   Uses
      At line 70 in file ..\..\BSP\KeilMDK\cstartup.s
Comment: __Vectors_Size used once
3 symbols



ARM Macro Assembler    Page 1 Alphabetic symbol ordering
External symbols

OS_CPU_PendSVHandler 00000000

Symbol: OS_CPU_PendSVHandler
   Definitions
      At line 72 in file ..\..\BSP\KeilMDK\cstartup.s
   Uses
      At line 89 in file ..\..\BSP\KeilMDK\cstartup.s
Comment: OS_CPU_PendSVHandler used once
OS_CPU_SysTickHandler 00000000

Symbol: OS_CPU_SysTickHandler
   Definitions
      At line 73 in file ..\..\BSP\KeilMDK\cstartup.s
   Uses
      At line 90 in file ..\..\BSP\KeilMDK\cstartup.s
Comment: OS_CPU_SysTickHandler used once
__main 00000000

Symbol: __main
   Definitions
      At line 245 in file ..\..\BSP\KeilMDK\cstartup.s
   Uses
      At line 265 in file ..\..\BSP\KeilMDK\cstartup.s
Comment: __main used once
3 symbols
483 symbols in table
